0 info it worked if it ends with ok
1 verbose cli [ '/Users/elizabethzweizig/.nvm/versions/node/v4.1.0/bin/node',
1 verbose cli   '/Users/elizabethzweizig/.nvm/versions/node/v4.1.0/bin/npm',
1 verbose cli   'install',
1 verbose cli   '-g',
1 verbose cli   'exress-generator' ]
2 info using npm@4.1.1
3 info using node@v4.1.0
4 silly loadCurrentTree Starting
5 silly install loadCurrentTree
6 silly install readGlobalPackageData
7 silly fetchPackageMetaData exress-generator
8 silly fetchNamedPackageData exress-generator
9 silly mapToRegistry name exress-generator
10 silly mapToRegistry using default registry
11 silly mapToRegistry registry https://registry.npmjs.org/
12 silly mapToRegistry data Result {
12 silly mapToRegistry   raw: 'exress-generator',
12 silly mapToRegistry   scope: null,
12 silly mapToRegistry   escapedName: 'exress-generator',
12 silly mapToRegistry   name: 'exress-generator',
12 silly mapToRegistry   rawSpec: '',
12 silly mapToRegistry   spec: 'latest',
12 silly mapToRegistry   type: 'tag' }
13 silly mapToRegistry uri https://registry.npmjs.org/exress-generator
14 verbose request uri https://registry.npmjs.org/exress-generator
15 verbose request no auth needed
16 info attempt registry request try #1 at 8:50:55 AM
17 verbose request id b69931f83aa31f9f
18 http request GET https://registry.npmjs.org/exress-generator
19 http 404 https://registry.npmjs.org/exress-generator
20 verbose headers { 'content-type': 'application/json',
20 verbose headers   'cache-control': 'max-age=0',
20 verbose headers   'content-length': '2',
20 verbose headers   'accept-ranges': 'bytes',
20 verbose headers   date: 'Tue, 21 Feb 2017 16:50:55 GMT',
20 verbose headers   via: '1.1 varnish',
20 verbose headers   age: '0',
20 verbose headers   connection: 'keep-alive',
20 verbose headers   'x-served-by': 'cache-den6023-DEN',
20 verbose headers   'x-cache': 'MISS',
20 verbose headers   'x-cache-hits': '0',
20 verbose headers   'x-timer': 'S1487695854.770417,VS0,VE624',
20 verbose headers   vary: 'Accept-Encoding' }
21 silly get cb [ 404,
21 silly get   { 'content-type': 'application/json',
21 silly get     'cache-control': 'max-age=0',
21 silly get     'content-length': '2',
21 silly get     'accept-ranges': 'bytes',
21 silly get     date: 'Tue, 21 Feb 2017 16:50:55 GMT',
21 silly get     via: '1.1 varnish',
21 silly get     age: '0',
21 silly get     connection: 'keep-alive',
21 silly get     'x-served-by': 'cache-den6023-DEN',
21 silly get     'x-cache': 'MISS',
21 silly get     'x-cache-hits': '0',
21 silly get     'x-timer': 'S1487695854.770417,VS0,VE624',
21 silly get     vary: 'Accept-Encoding' } ]
22 silly fetchPackageMetaData Error: Registry returned 404 for GET on https://registry.npmjs.org/exress-generator
22 silly fetchPackageMetaData     at makeError (/Users/elizabethzweizig/.nvm/versions/node/v4.1.0/lib/node_modules/npm/node_modules/npm-registry-client/lib/request.js:304:12)
22 silly fetchPackageMetaData     at CachingRegistryClient.<anonymous> (/Users/elizabethzweizig/.nvm/versions/node/v4.1.0/lib/node_modules/npm/node_modules/npm-registry-client/lib/request.js:282:14)
22 silly fetchPackageMetaData     at Request._callback (/Users/elizabethzweizig/.nvm/versions/node/v4.1.0/lib/node_modules/npm/node_modules/npm-registry-client/lib/request.js:212:14)
22 silly fetchPackageMetaData     at Request.self.callback (/Users/elizabethzweizig/.nvm/versions/node/v4.1.0/lib/node_modules/npm/node_modules/request/request.js:186:22)
22 silly fetchPackageMetaData     at emitTwo (events.js:87:13)
22 silly fetchPackageMetaData     at Request.emit (events.js:172:7)
22 silly fetchPackageMetaData     at Request.<anonymous> (/Users/elizabethzweizig/.nvm/versions/node/v4.1.0/lib/node_modules/npm/node_modules/request/request.js:1081:10)
22 silly fetchPackageMetaData     at emitOne (events.js:77:13)
22 silly fetchPackageMetaData     at Request.emit (events.js:169:7)
22 silly fetchPackageMetaData     at IncomingMessage.<anonymous> (/Users/elizabethzweizig/.nvm/versions/node/v4.1.0/lib/node_modules/npm/node_modules/request/request.js:1001:12)
22 silly fetchPackageMetaData  error for exress-generator { [Error: Registry returned 404 for GET on https://registry.npmjs.org/exress-generator] pkgid: 'exress-generator', statusCode: 404, code: 'E404' }
23 silly rollbackFailedOptional Starting
24 verbose stack TypeError: Cannot read property 'path' of null
24 verbose stack     at Object.Installer.rollbackFailedOptional (/Users/elizabethzweizig/.nvm/versions/node/v4.1.0/lib/node_modules/npm/lib/install.js:511:29)
24 verbose stack     at Array.<anonymous> (/Users/elizabethzweizig/.nvm/versions/node/v4.1.0/lib/node_modules/npm/node_modules/slide/lib/bind-actor.js:15:8)
24 verbose stack     at LOOP (/Users/elizabethzweizig/.nvm/versions/node/v4.1.0/lib/node_modules/npm/node_modules/slide/lib/chain.js:15:14)
24 verbose stack     at /Users/elizabethzweizig/.nvm/versions/node/v4.1.0/lib/node_modules/npm/node_modules/slide/lib/chain.js:18:7
24 verbose stack     at /Users/elizabethzweizig/.nvm/versions/node/v4.1.0/lib/node_modules/npm/lib/install.js:337:5
24 verbose stack     at Array.<anonymous> (/Users/elizabethzweizig/.nvm/versions/node/v4.1.0/lib/node_modules/npm/node_modules/slide/lib/bind-actor.js:15:8)
24 verbose stack     at LOOP (/Users/elizabethzweizig/.nvm/versions/node/v4.1.0/lib/node_modules/npm/node_modules/slide/lib/chain.js:15:14)
24 verbose stack     at chain (/Users/elizabethzweizig/.nvm/versions/node/v4.1.0/lib/node_modules/npm/node_modules/slide/lib/chain.js:20:5)
24 verbose stack     at /Users/elizabethzweizig/.nvm/versions/node/v4.1.0/lib/node_modules/npm/lib/install.js:294:5
24 verbose stack     at /Users/elizabethzweizig/.nvm/versions/node/v4.1.0/lib/node_modules/npm/node_modules/slide/lib/chain.js:16:22
25 verbose cwd /Users/elizabethzweizig/Desktop/loc8r
26 error Darwin 15.6.0
27 error argv "/Users/elizabethzweizig/.nvm/versions/node/v4.1.0/bin/node" "/Users/elizabethzweizig/.nvm/versions/node/v4.1.0/bin/npm" "install" "-g" "exress-generator"
28 error node v4.1.0
29 error npm  v4.1.1
30 error Cannot read property 'path' of null
31 error If you need help, you may report this error at:
31 error     <https://github.com/npm/npm/issues>
32 verbose exit [ 1, true ]
